[ERROR] COMPILATION ERROR : 
[ERROR] /D:/newblah/backend/cloud-storage/src/main/java/com/collabstack/storage/exception/GlobalExceptionHandler.java:[32,46] method handleStorage(com.collabstack.storage.exception.StorageException) is already defined in class com.collabstack.storage.exception.GlobalExceptionHandler
[ERROR] /D:/newblah/backend/cloud-storage/src/main/java/com/collabstack/storage/security/JwtTokenProvider.java:[46,13] cannot find symbol
  symbol:   variable log
  location: class com.collabstack.storage.security.JwtTokenProvider
[ERROR] /D:/newblah/backend/cloud-storage/src/main/java/com/collabstack/storage/security/CustomUserDetailsService.java:[19,22] incompatible types: invalid constructor reference
    constructor UserPrincipal in class com.collabstack.storage.security.UserPrincipal cannot be applied to given types
      required: no arguments
      found:    com.collabstack.storage.entity.User
      reason: actual and formal argument lists differ in length
[ERROR] /D:/newblah/backend/cloud-storage/src/main/java/com/collabstack/storage/security/UserPrincipal.java:[17,38] cannot find symbol
  symbol:   method getId()
  location: variable user of type com.collabstack.storage.entity.User
[ERROR] /D:/newblah/backend/cloud-storage/src/main/java/com/collabstack/storage/security/UserPrincipal.java:[19,43] cannot find symbol
  symbol:   method getEmail()
  location: variable user of type com.collabstack.storage.entity.User
[ERROR] /D:/newblah/backend/cloud-storage/src/main/java/com/collabstack/storage/security/UserPrincipal.java:[27,46] cannot find symbol
  symbol:   method getPasswordHash()
  location: variable user of type com.collabstack.storage.entity.User
[ERROR] /D:/newblah/backend/cloud-storage/src/main/java/com/collabstack/storage/security/UserPrincipal.java:[30,46] cannot find symbol
  symbol:   method getEmail()
  location: variable user of type com.collabstack.storage.entity.User
[ERROR] /D:/newblah/backend/cloud-storage/src/main/java/com/collabstack/storage/service/NodeSelectionService.java:[39,9] cannot find symbol
  symbol:   variable log
  location: class com.collabstack.storage.service.NodeSelectionService
[ERROR] /D:/newblah/backend/cloud-storage/src/main/java/com/collabstack/storage/service/NodeSelectionService.java:[40,39] invalid method reference
  cannot find symbol
    symbol:   method getId()
    location: class com.collabstack.storage.entity.StorageNode
[ERROR] /D:/newblah/backend/cloud-storage/src/main/java/com/collabstack/storage/service/StorageNodeClient.java:[31,13] cannot find symbol
  symbol:   variable log
  location: class com.collabstack.storage.service.StorageNodeClient
[ERROR] /D:/newblah/backend/cloud-storage/src/main/java/com/collabstack/storage/service/StorageNodeClient.java:[48,13] cannot find symbol
  symbol:   variable log
  location: class com.collabstack.storage.service.StorageNodeClient
[ERROR] /D:/newblah/backend/cloud-storage/src/main/java/com/collabstack/storage/service/StorageNodeClient.java:[62,13] cannot find symbol
  symbol:   variable log
  location: class com.collabstack.storage.service.StorageNodeClient
[ERROR] /D:/newblah/backend/cloud-storage/src/main/java/com/collabstack/storage/service/StorageNodeClient.java:[64,13] cannot find symbol
  symbol:   variable log
  location: class com.collabstack.storage.service.StorageNodeClient
[ERROR] /D:/newblah/backend/cloud-storage/src/main/java/com/collabstack/storage/service/StorageNodeClient.java:[72,63] cannot find symbol
  symbol:   method getHost()
  location: variable node of type com.collabstack.storage.entity.StorageNode
[ERROR] /D:/newblah/backend/cloud-storage/src/main/java/com/collabstack/storage/service/StorageNodeClient.java:[72,79] cannot find symbol
  symbol:   method getPort()
  location: variable node of type com.collabstack.storage.entity.StorageNode
[ERROR] /D:/newblah/backend/cloud-storage/src/main/java/com/collabstack/storage/service/StorageNodeClient.java:[77,13] cannot find symbol
  symbol:   variable log
  location: class com.collabstack.storage.service.StorageNodeClient
[ERROR] /D:/newblah/backend/cloud-storage/src/main/java/com/collabstack/storage/service/StorageNodeClient.java:[77,61] cannot find symbol
  symbol:   method getId()
  location: variable node of type com.collabstack.storage.entity.StorageNode
[ERROR] /D:/newblah/backend/cloud-storage/src/main/java/com/collabstack/storage/service/impl/AuthServiceImpl.java:[34,25] cannot find symbol
  symbol:   method builder()
  location: class com.collabstack.storage.entity.User
[ERROR] /D:/newblah/backend/cloud-storage/src/main/java/com/collabstack/storage/service/impl/AuthServiceImpl.java:[40,60] cannot find symbol
  symbol:   method getId()
  location: variable saved of type com.collabstack.storage.entity.User
[ERROR] /D:/newblah/backend/cloud-storage/src/main/java/com/collabstack/storage/service/impl/AuthServiceImpl.java:[40,75] cannot find symbol
  symbol:   method getEmail()
  location: variable saved of type com.collabstack.storage.entity.User
[ERROR] /D:/newblah/backend/cloud-storage/src/main/java/com/collabstack/storage/service/impl/AuthServiceImpl.java:[41,45] cannot find symbol
  symbol:   method getId()
  location: variable saved of type com.collabstack.storage.entity.User
[ERROR] /D:/newblah/backend/cloud-storage/src/main/java/com/collabstack/storage/service/impl/AuthServiceImpl.java:[41,81] cannot find symbol
  symbol:   method getEmail()
  location: variable saved of type com.collabstack.storage.entity.User
[ERROR] /D:/newblah/backend/cloud-storage/src/main/java/com/collabstack/storage/service/impl/AuthServiceImpl.java:[49,62] cannot find symbol
  symbol:   method getPasswordHash()
  location: variable user of type com.collabstack.storage.entity.User
[ERROR] /D:/newblah/backend/cloud-storage/src/main/java/com/collabstack/storage/service/impl/AuthServiceImpl.java:[52,59] cannot find symbol
  symbol:   method getId()
  location: variable user of type com.collabstack.storage.entity.User
[ERROR] /D:/newblah/backend/cloud-storage/src/main/java/com/collabstack/storage/service/impl/AuthServiceImpl.java:[52,73] cannot find symbol
  symbol:   method getEmail()
  location: variable user of type com.collabstack.storage.entity.User
[ERROR] /D:/newblah/backend/cloud-storage/src/main/java/com/collabstack/storage/service/impl/AuthServiceImpl.java:[53,44] cannot find symbol
  symbol:   method getId()
  location: variable user of type com.collabstack.storage.entity.User
[ERROR] /D:/newblah/backend/cloud-storage/src/main/java/com/collabstack/storage/service/impl/AuthServiceImpl.java:[53,78] cannot find symbol
  symbol:   method getEmail()
  location: variable user of type com.collabstack.storage.entity.User
[ERROR] /D:/newblah/backend/cloud-storage/src/main/java/com/collabstack/storage/service/impl/FileStorageServiceImpl.java:[38,26] cannot find symbol
  symbol:   method getId()
  location: variable f of type com.collabstack.storage.entity.FileMetadata
[ERROR] /D:/newblah/backend/cloud-storage/src/main/java/com/collabstack/storage/service/impl/FileStorageServiceImpl.java:[38,37] cannot find symbol
  symbol:   method getOriginalFilename()
  location: variable f of type com.collabstack.storage.entity.FileMetadata
[ERROR] /D:/newblah/backend/cloud-storage/src/main/java/com/collabstack/storage/service/impl/FileStorageServiceImpl.java:[38,62] cannot find symbol
  symbol:   method getContentType()
  location: variable f of type com.collabstack.storage.entity.FileMetadata
[ERROR] /D:/newblah/backend/cloud-storage/src/main/java/com/collabstack/storage/service/impl/FileStorageServiceImpl.java:[39,26] cannot find symbol
  symbol:   method getTotalSizeBytes()
  location: variable f of type com.collabstack.storage.entity.FileMetadata
[ERROR] /D:/newblah/backend/cloud-storage/src/main/java/com/collabstack/storage/service/impl/FileStorageServiceImpl.java:[39,49] cannot find symbol
  symbol:   method getChunkCount()
  location: variable f of type com.collabstack.storage.entity.FileMetadata
[ERROR] /D:/newblah/backend/cloud-storage/src/main/java/com/collabstack/storage/service/impl/FileStorageServiceImpl.java:[39,68] cannot find symbol
  symbol:   method getStatus()
  location: variable f of type com.collabstack.storage.entity.FileMetadata
[ERROR] /D:/newblah/backend/cloud-storage/src/main/java/com/collabstack/storage/service/impl/FileStorageServiceImpl.java:[39,83] cannot find symbol
  symbol:   method getCreatedAt()
  location: variable f of type com.collabstack.storage.entity.FileMetadata
[ERROR] /D:/newblah/backend/cloud-storage/src/main/java/com/collabstack/storage/service/impl/FileStorageServiceImpl.java:[53,62] cannot find symbol
  symbol:   method getKekSalt()
  location: variable keyRecord of type com.collabstack.storage.entity.EncryptedKey
[ERROR] /D:/newblah/backend/cloud-storage/src/main/java/com/collabstack/storage/service/impl/FileStorageServiceImpl.java:[62,72] cannot find symbol
  symbol:   method getEncryptedDek()
  location: variable keyRecord of type com.collabstack.storage.entity.EncryptedKey
[ERROR] /D:/newblah/backend/cloud-storage/src/main/java/com/collabstack/storage/service/impl/FileStorageServiceImpl.java:[76,42] cannot find symbol
  symbol:   method getChunkIndex()
  location: variable chunk of type com.collabstack.storage.entity.FileChunk
[ERROR] /D:/newblah/backend/cloud-storage/src/main/java/com/collabstack/storage/service/impl/FileStorageServiceImpl.java:[80,37] cannot find symbol
  symbol:   method getChunkCount()
  location: variable metadata of type com.collabstack.storage.entity.FileMetadata
[ERROR] /D:/newblah/backend/cloud-storage/src/main/java/com/collabstack/storage/service/impl/FileStorageServiceImpl.java:[90,9] cannot find symbol
  symbol:   variable log
  location: class com.collabstack.storage.service.impl.FileStorageServiceImpl
[ERROR] /D:/newblah/backend/cloud-storage/src/main/java/com/collabstack/storage/service/impl/FileStorageServiceImpl.java:[90,81] cannot find symbol
  symbol:   method getChunkCount()
  location: variable metadata of type com.collabstack.storage.entity.FileMetadata
[ERROR] /D:/newblah/backend/cloud-storage/src/main/java/com/collabstack/storage/service/impl/FileStorageServiceImpl.java:[99,24] cannot find symbol
  symbol:   method getOriginalFilename()
  location: variable metadata of type com.collabstack.storage.entity.FileMetadata
[ERROR] /D:/newblah/backend/cloud-storage/src/main/java/com/collabstack/storage/service/impl/FileStorageServiceImpl.java:[111,49] cannot find symbol
  symbol:   method getNodeId()
  location: variable chunk of type com.collabstack.storage.entity.FileChunk
[ERROR] /D:/newblah/backend/cloud-storage/src/main/java/com/collabstack/storage/service/impl/FileStorageServiceImpl.java:[113,30] cannot find symbol
  symbol:   method getId()
  location: variable chunk of type com.collabstack.storage.entity.FileChunk
[ERROR] /D:/newblah/backend/cloud-storage/src/main/java/com/collabstack/storage/service/impl/FileStorageServiceImpl.java:[119,9] cannot find symbol
  symbol:   variable log
  location: class com.collabstack.storage.service.impl.FileStorageServiceImpl
[ERROR] /D:/newblah/backend/cloud-storage/src/main/java/com/collabstack/storage/service/impl/FileStorageServiceImpl.java:[124,83] cannot find symbol
  symbol:   method getNodeId()
  location: variable replica of type com.collabstack.storage.entity.FileChunk
[ERROR] /D:/newblah/backend/cloud-storage/src/main/java/com/collabstack/storage/service/impl/FileStorageServiceImpl.java:[129,29] cannot find symbol
  symbol:   method getId()
  location: variable node of type com.collabstack.storage.entity.StorageNode
[ERROR] /D:/newblah/backend/cloud-storage/src/main/java/com/collabstack/storage/service/impl/FileStorageServiceImpl.java:[129,43] cannot find symbol
  symbol:   method getHost()
  location: variable node of type com.collabstack.storage.entity.StorageNode
[ERROR] /D:/newblah/backend/cloud-storage/src/main/java/com/collabstack/storage/service/impl/FileStorageServiceImpl.java:[129,59] cannot find symbol
  symbol:   method getPort()
  location: variable node of type com.collabstack.storage.entity.StorageNode
[ERROR] /D:/newblah/backend/cloud-storage/src/main/java/com/collabstack/storage/service/impl/FileStorageServiceImpl.java:[129,78] cannot find symbol
  symbol:   method getId()
  location: variable replica of type com.collabstack.storage.entity.FileChunk
[ERROR] /D:/newblah/backend/cloud-storage/src/main/java/com/collabstack/storage/service/impl/FileStorageServiceImpl.java:[132,17] cannot find symbol
  symbol:   variable log
  location: class com.collabstack.storage.service.impl.FileStorageServiceImpl
[ERROR] /D:/newblah/backend/cloud-storage/src/main/java/com/collabstack/storage/service/impl/FileStorageServiceImpl.java:[133,41] cannot find symbol
  symbol:   method getId()
  location: variable node of type com.collabstack.storage.entity.StorageNode
[ERROR] /D:/newblah/backend/cloud-storage/src/main/java/com/collabstack/storage/service/impl/FileStorageServiceImpl.java:[145,22] cannot find symbol
  symbol:   method getOwner()
  location: variable metadata of type com.collabstack.storage.entity.FileMetadata
[ERROR] /D:/newblah/backend/cloud-storage/src/main/java/com/collabstack/storage/service/impl/FileUploadServiceImpl.java:[83,45] cannot find symbol
  symbol:   method builder()
  location: class com.collabstack.storage.entity.FileMetadata
[ERROR] /D:/newblah/backend/cloud-storage/src/main/java/com/collabstack/storage/service/impl/FileUploadServiceImpl.java:[95,49] cannot find symbol
  symbol:   method builder()
  location: class com.collabstack.storage.entity.EncryptedKey
[ERROR] /D:/newblah/backend/cloud-storage/src/main/java/com/collabstack/storage/service/impl/FileUploadServiceImpl.java:[125,17] cannot find symbol
  symbol:   variable log
  location: class com.collabstack.storage.service.impl.FileUploadServiceImpl
[ERROR] /D:/newblah/backend/cloud-storage/src/main/java/com/collabstack/storage/service/impl/FileUploadServiceImpl.java:[137,55] cannot find symbol
  symbol:   method getId()
  location: variable node of type com.collabstack.storage.entity.StorageNode
[ERROR] /D:/newblah/backend/cloud-storage/src/main/java/com/collabstack/storage/service/impl/FileUploadServiceImpl.java:[137,69] cannot find symbol
  symbol:   method getHost()
  location: variable node of type com.collabstack.storage.entity.StorageNode
[ERROR] /D:/newblah/backend/cloud-storage/src/main/java/com/collabstack/storage/service/impl/FileUploadServiceImpl.java:[137,85] cannot find symbol
  symbol:   method getPort()
  location: variable node of type com.collabstack.storage.entity.StorageNode
[ERROR] /D:/newblah/backend/cloud-storage/src/main/java/com/collabstack/storage/service/impl/FileUploadServiceImpl.java:[139,48] cannot find symbol
  symbol:   method builder()
  location: class com.collabstack.storage.entity.FileChunk
[ERROR] /D:/newblah/backend/cloud-storage/src/main/java/com/collabstack/storage/service/impl/FileUploadServiceImpl.java:[142,41] cannot find symbol
  symbol:   method getId()
  location: variable node of type com.collabstack.storage.entity.StorageNode
[ERROR] /D:/newblah/backend/cloud-storage/src/main/java/com/collabstack/storage/service/impl/FileUploadServiceImpl.java:[148,21] cannot find symbol
  symbol:   variable log
  location: class com.collabstack.storage.service.impl.FileUploadServiceImpl
[ERROR] /D:/newblah/backend/cloud-storage/src/main/java/com/collabstack/storage/service/impl/FileUploadServiceImpl.java:[148,82] cannot find symbol
  symbol:   method getId()
  location: variable node of type com.collabstack.storage.entity.StorageNode
[ERROR] /D:/newblah/backend/cloud-storage/src/main/java/com/collabstack/storage/service/impl/FileUploadServiceImpl.java:[154,22] cannot find symbol
  symbol:   method setStatus(com.collabstack.storage.entity.FileStatus)
  location: variable savedMetadata of type com.collabstack.storage.entity.FileMetadata
[ERROR] /D:/newblah/backend/cloud-storage/src/main/java/com/collabstack/storage/service/impl/FileUploadServiceImpl.java:[157,9] cannot find symbol
  symbol:   variable log
  location: class com.collabstack.storage.service.impl.FileUploadServiceImpl
[ERROR] /D:/newblah/backend/cloud-storage/src/main/java/com/collabstack/storage/service/impl/FileUploadServiceImpl.java:[158,48] cannot find symbol
  symbol:   method getId()
  location: variable savedMetadata of type com.collabstack.storage.entity.FileMetadata
[ERROR] /D:/newblah/backend/cloud-storage/src/main/java/com/collabstack/storage/service/impl/StorageNodeServiceImpl.java:[28,52] cannot find symbol
  symbol:   method getId()
  location: variable n of type com.collabstack.storage.entity.StorageNode
[ERROR] /D:/newblah/backend/cloud-storage/src/main/java/com/collabstack/storage/service/impl/StorageNodeServiceImpl.java:[28,63] cannot find symbol
  symbol:   method getHost()
  location: variable n of type com.collabstack.storage.entity.StorageNode
[ERROR] /D:/newblah/backend/cloud-storage/src/main/java/com/collabstack/storage/service/impl/StorageNodeServiceImpl.java:[28,76] cannot find symbol
  symbol:   method getPort()
  location: variable n of type com.collabstack.storage.entity.StorageNode
[ERROR] /D:/newblah/backend/cloud-storage/src/main/java/com/collabstack/storage/service/impl/StorageNodeServiceImpl.java:[28,89] cannot find symbol
  symbol:   method getStatus()
  location: variable n of type com.collabstack.storage.entity.StorageNode
[ERROR] /D:/newblah/backend/cloud-storage/src/main/java/com/collabstack/storage/service/impl/StorageNodeServiceImpl.java:[35,39] cannot find symbol
  symbol:   method builder()
  location: class com.collabstack.storage.entity.StorageNode
[ERROR] /D:/newblah/backend/cloud-storage/src/main/java/com/collabstack/storage/service/impl/StorageNodeServiceImpl.java:[43,9] cannot find symbol
  symbol:   variable log
  location: class com.collabstack.storage.service.impl.StorageNodeServiceImpl
[ERROR] /D:/newblah/backend/cloud-storage/src/main/java/com/collabstack/storage/service/impl/StorageNodeServiceImpl.java:[43,54] cannot find symbol
  symbol:   method getId()
  location: variable saved of type com.collabstack.storage.entity.StorageNode
[ERROR] /D:/newblah/backend/cloud-storage/src/main/java/com/collabstack/storage/service/impl/StorageNodeServiceImpl.java:[44,45] cannot find symbol
  symbol:   method getId()
  location: variable saved of type com.collabstack.storage.entity.StorageNode
[ERROR] /D:/newblah/backend/cloud-storage/src/main/java/com/collabstack/storage/service/impl/StorageNodeServiceImpl.java:[44,60] cannot find symbol
  symbol:   method getHost()
  location: variable saved of type com.collabstack.storage.entity.StorageNode
[ERROR] /D:/newblah/backend/cloud-storage/src/main/java/com/collabstack/storage/service/impl/StorageNodeServiceImpl.java:[44,77] cannot find symbol
  symbol:   method getPort()
  location: variable saved of type com.collabstack.storage.entity.StorageNode
[ERROR] /D:/newblah/backend/cloud-storage/src/main/java/com/collabstack/storage/service/impl/StorageNodeServiceImpl.java:[44,94] cannot find symbol
  symbol:   method getStatus()
  location: variable saved of type com.collabstack.storage.entity.StorageNode
[ERROR] Failed to execute goal org.apache.maven.plugins:maven-compiler-plugin:3.13.0:compile (default-compile) on project cloud-storage: Compilation failure: Compilation failure: 
[ERROR] /D:/newblah/backend/cloud-storage/src/main/java/com/collabstack/storage/exception/GlobalExceptionHandler.java:[32,46] method handleStorage(com.collabstack.storage.exception.StorageException) is already defined in class com.collabstack.storage.exception.GlobalExceptionHandler
[ERROR] /D:/newblah/backend/cloud-storage/src/main/java/com/collabstack/storage/security/JwtTokenProvider.java:[46,13] cannot find symbol
[ERROR]   symbol:   variable log
[ERROR]   location: class com.collabstack.storage.security.JwtTokenProvider
[ERROR] /D:/newblah/backend/cloud-storage/src/main/java/com/collabstack/storage/security/CustomUserDetailsService.java:[19,22] incompatible types: invalid constructor reference
[ERROR]     constructor UserPrincipal in class com.collabstack.storage.security.UserPrincipal cannot be applied to given types
[ERROR]       required: no arguments
[ERROR]       found:    com.collabstack.storage.entity.User
[ERROR]       reason: actual and formal argument lists differ in length
[ERROR] /D:/newblah/backend/cloud-storage/src/main/java/com/collabstack/storage/security/UserPrincipal.java:[17,38] cannot find symbol
[ERROR]   symbol:   method getId()
[ERROR]   location: variable user of type com.collabstack.storage.entity.User
[ERROR] /D:/newblah/backend/cloud-storage/src/main/java/com/collabstack/storage/security/UserPrincipal.java:[19,43] cannot find symbol
[ERROR]   symbol:   method getEmail()
[ERROR]   location: variable user of type com.collabstack.storage.entity.User
[ERROR] /D:/newblah/backend/cloud-storage/src/main/java/com/collabstack/storage/security/UserPrincipal.java:[27,46] cannot find symbol
[ERROR]   symbol:   method getPasswordHash()
[ERROR]   location: variable user of type com.collabstack.storage.entity.User
[ERROR] /D:/newblah/backend/cloud-storage/src/main/java/com/collabstack/storage/security/UserPrincipal.java:[30,46] cannot find symbol
[ERROR]   symbol:   method getEmail()
[ERROR]   location: variable user of type com.collabstack.storage.entity.User
[ERROR] /D:/newblah/backend/cloud-storage/src/main/java/com/collabstack/storage/service/NodeSelectionService.java:[39,9] cannot find symbol
[ERROR]   symbol:   variable log
[ERROR]   location: class com.collabstack.storage.service.NodeSelectionService
[ERROR] /D:/newblah/backend/cloud-storage/src/main/java/com/collabstack/storage/service/NodeSelectionService.java:[40,39] invalid method reference
[ERROR]   cannot find symbol
[ERROR]     symbol:   method getId()
[ERROR]     location: class com.collabstack.storage.entity.StorageNode
[ERROR] /D:/newblah/backend/cloud-storage/src/main/java/com/collabstack/storage/service/StorageNodeClient.java:[31,13] cannot find symbol
[ERROR]   symbol:   variable log
[ERROR]   location: class com.collabstack.storage.service.StorageNodeClient
[ERROR] /D:/newblah/backend/cloud-storage/src/main/java/com/collabstack/storage/service/StorageNodeClient.java:[48,13] cannot find symbol
[ERROR]   symbol:   variable log
[ERROR]   location: class com.collabstack.storage.service.StorageNodeClient
[ERROR] /D:/newblah/backend/cloud-storage/src/main/java/com/collabstack/storage/service/StorageNodeClient.java:[62,13] cannot find symbol
[ERROR]   symbol:   variable log
[ERROR]   location: class com.collabstack.storage.service.StorageNodeClient
[ERROR] /D:/newblah/backend/cloud-storage/src/main/java/com/collabstack/storage/service/StorageNodeClient.java:[64,13] cannot find symbol
[ERROR]   symbol:   variable log
[ERROR]   location: class com.collabstack.storage.service.StorageNodeClient
[ERROR] /D:/newblah/backend/cloud-storage/src/main/java/com/collabstack/storage/service/StorageNodeClient.java:[72,63] cannot find symbol
[ERROR]   symbol:   method getHost()
[ERROR]   location: variable node of type com.collabstack.storage.entity.StorageNode
[ERROR] /D:/newblah/backend/cloud-storage/src/main/java/com/collabstack/storage/service/StorageNodeClient.java:[72,79] cannot find symbol
[ERROR]   symbol:   method getPort()
[ERROR]   location: variable node of type com.collabstack.storage.entity.StorageNode
[ERROR] /D:/newblah/backend/cloud-storage/src/main/java/com/collabstack/storage/service/StorageNodeClient.java:[77,13] cannot find symbol
[ERROR]   symbol:   variable log
[ERROR]   location: class com.collabstack.storage.service.StorageNodeClient
[ERROR] /D:/newblah/backend/cloud-storage/src/main/java/com/collabstack/storage/service/StorageNodeClient.java:[77,61] cannot find symbol
[ERROR]   symbol:   method getId()
[ERROR]   location: variable node of type com.collabstack.storage.entity.StorageNode
[ERROR] /D:/newblah/backend/cloud-storage/src/main/java/com/collabstack/storage/service/impl/AuthServiceImpl.java:[34,25] cannot find symbol
[ERROR]   symbol:   method builder()
[ERROR]   location: class com.collabstack.storage.entity.User
[ERROR] /D:/newblah/backend/cloud-storage/src/main/java/com/collabstack/storage/service/impl/AuthServiceImpl.java:[40,60] cannot find symbol
[ERROR]   symbol:   method getId()
[ERROR]   location: variable saved of type com.collabstack.storage.entity.User
[ERROR] /D:/newblah/backend/cloud-storage/src/main/java/com/collabstack/storage/service/impl/AuthServiceImpl.java:[40,75] cannot find symbol
[ERROR]   symbol:   method getEmail()
[ERROR]   location: variable saved of type com.collabstack.storage.entity.User
[ERROR] /D:/newblah/backend/cloud-storage/src/main/java/com/collabstack/storage/service/impl/AuthServiceImpl.java:[41,45] cannot find symbol
[ERROR]   symbol:   method getId()
[ERROR]   location: variable saved of type com.collabstack.storage.entity.User
[ERROR] /D:/newblah/backend/cloud-storage/src/main/java/com/collabstack/storage/service/impl/AuthServiceImpl.java:[41,81] cannot find symbol
[ERROR]   symbol:   method getEmail()
[ERROR]   location: variable saved of type com.collabstack.storage.entity.User
[ERROR] /D:/newblah/backend/cloud-storage/src/main/java/com/collabstack/storage/service/impl/AuthServiceImpl.java:[49,62] cannot find symbol
[ERROR]   symbol:   method getPasswordHash()
[ERROR]   location: variable user of type com.collabstack.storage.entity.User
[ERROR] /D:/newblah/backend/cloud-storage/src/main/java/com/collabstack/storage/service/impl/AuthServiceImpl.java:[52,59] cannot find symbol
[ERROR]   symbol:   method getId()
[ERROR]   location: variable user of type com.collabstack.storage.entity.User
[ERROR] /D:/newblah/backend/cloud-storage/src/main/java/com/collabstack/storage/service/impl/AuthServiceImpl.java:[52,73] cannot find symbol
[ERROR]   symbol:   method getEmail()
[ERROR]   location: variable user of type com.collabstack.storage.entity.User
[ERROR] /D:/newblah/backend/cloud-storage/src/main/java/com/collabstack/storage/service/impl/AuthServiceImpl.java:[53,44] cannot find symbol
[ERROR]   symbol:   method getId()
[ERROR]   location: variable user of type com.collabstack.storage.entity.User
[ERROR] /D:/newblah/backend/cloud-storage/src/main/java/com/collabstack/storage/service/impl/AuthServiceImpl.java:[53,78] cannot find symbol
[ERROR]   symbol:   method getEmail()
[ERROR]   location: variable user of type com.collabstack.storage.entity.User
[ERROR] /D:/newblah/backend/cloud-storage/src/main/java/com/collabstack/storage/service/impl/FileStorageServiceImpl.java:[38,26] cannot find symbol
[ERROR]   symbol:   method getId()
[ERROR]   location: variable f of type com.collabstack.storage.entity.FileMetadata
[ERROR] /D:/newblah/backend/cloud-storage/src/main/java/com/collabstack/storage/service/impl/FileStorageServiceImpl.java:[38,37] cannot find symbol
[ERROR]   symbol:   method getOriginalFilename()
[ERROR]   location: variable f of type com.collabstack.storage.entity.FileMetadata
[ERROR] /D:/newblah/backend/cloud-storage/src/main/java/com/collabstack/storage/service/impl/FileStorageServiceImpl.java:[38,62] cannot find symbol
[ERROR]   symbol:   method getContentType()
[ERROR]   location: variable f of type com.collabstack.storage.entity.FileMetadata
[ERROR] /D:/newblah/backend/cloud-storage/src/main/java/com/collabstack/storage/service/impl/FileStorageServiceImpl.java:[39,26] cannot find symbol
[ERROR]   symbol:   method getTotalSizeBytes()
[ERROR]   location: variable f of type com.collabstack.storage.entity.FileMetadata
[ERROR] /D:/newblah/backend/cloud-storage/src/main/java/com/collabstack/storage/service/impl/FileStorageServiceImpl.java:[39,49] cannot find symbol
[ERROR]   symbol:   method getChunkCount()
[ERROR]   location: variable f of type com.collabstack.storage.entity.FileMetadata
[ERROR] /D:/newblah/backend/cloud-storage/src/main/java/com/collabstack/storage/service/impl/FileStorageServiceImpl.java:[39,68] cannot find symbol
[ERROR]   symbol:   method getStatus()
[ERROR]   location: variable f of type com.collabstack.storage.entity.FileMetadata
[ERROR] /D:/newblah/backend/cloud-storage/src/main/java/com/collabstack/storage/service/impl/FileStorageServiceImpl.java:[39,83] cannot find symbol
[ERROR]   symbol:   method getCreatedAt()
[ERROR]   location: variable f of type com.collabstack.storage.entity.FileMetadata
[ERROR] /D:/newblah/backend/cloud-storage/src/main/java/com/collabstack/storage/service/impl/FileStorageServiceImpl.java:[53,62] cannot find symbol
[ERROR]   symbol:   method getKekSalt()
[ERROR]   location: variable keyRecord of type com.collabstack.storage.entity.EncryptedKey
[ERROR] /D:/newblah/backend/cloud-storage/src/main/java/com/collabstack/storage/service/impl/FileStorageServiceImpl.java:[62,72] cannot find symbol
[ERROR]   symbol:   method getEncryptedDek()
[ERROR]   location: variable keyRecord of type com.collabstack.storage.entity.EncryptedKey
[ERROR] /D:/newblah/backend/cloud-storage/src/main/java/com/collabstack/storage/service/impl/FileStorageServiceImpl.java:[76,42] cannot find symbol
[ERROR]   symbol:   method getChunkIndex()
[ERROR]   location: variable chunk of type com.collabstack.storage.entity.FileChunk
[ERROR] /D:/newblah/backend/cloud-storage/src/main/java/com/collabstack/storage/service/impl/FileStorageServiceImpl.java:[80,37] cannot find symbol
[ERROR]   symbol:   method getChunkCount()
[ERROR]   location: variable metadata of type com.collabstack.storage.entity.FileMetadata
[ERROR] /D:/newblah/backend/cloud-storage/src/main/java/com/collabstack/storage/service/impl/FileStorageServiceImpl.java:[90,9] cannot find symbol
[ERROR]   symbol:   variable log
[ERROR]   location: class com.collabstack.storage.service.impl.FileStorageServiceImpl
[ERROR] /D:/newblah/backend/cloud-storage/src/main/java/com/collabstack/storage/service/impl/FileStorageServiceImpl.java:[90,81] cannot find symbol
[ERROR]   symbol:   method getChunkCount()
[ERROR]   location: variable metadata of type com.collabstack.storage.entity.FileMetadata
[ERROR] /D:/newblah/backend/cloud-storage/src/main/java/com/collabstack/storage/service/impl/FileStorageServiceImpl.java:[99,24] cannot find symbol
[ERROR]   symbol:   method getOriginalFilename()
[ERROR]   location: variable metadata of type com.collabstack.storage.entity.FileMetadata
[ERROR] /D:/newblah/backend/cloud-storage/src/main/java/com/collabstack/storage/service/impl/FileStorageServiceImpl.java:[111,49] cannot find symbol
[ERROR]   symbol:   method getNodeId()
[ERROR]   location: variable chunk of type com.collabstack.storage.entity.FileChunk
[ERROR] /D:/newblah/backend/cloud-storage/src/main/java/com/collabstack/storage/service/impl/FileStorageServiceImpl.java:[113,30] cannot find symbol
[ERROR]   symbol:   method getId()
[ERROR]   location: variable chunk of type com.collabstack.storage.entity.FileChunk
[ERROR] /D:/newblah/backend/cloud-storage/src/main/java/com/collabstack/storage/service/impl/FileStorageServiceImpl.java:[119,9] cannot find symbol
[ERROR]   symbol:   variable log
[ERROR]   location: class com.collabstack.storage.service.impl.FileStorageServiceImpl
[ERROR] /D:/newblah/backend/cloud-storage/src/main/java/com/collabstack/storage/service/impl/FileStorageServiceImpl.java:[124,83] cannot find symbol
[ERROR]   symbol:   method getNodeId()
[ERROR]   location: variable replica of type com.collabstack.storage.entity.FileChunk
[ERROR] /D:/newblah/backend/cloud-storage/src/main/java/com/collabstack/storage/service/impl/FileStorageServiceImpl.java:[129,29] cannot find symbol
[ERROR]   symbol:   method getId()
[ERROR]   location: variable node of type com.collabstack.storage.entity.StorageNode
[ERROR] /D:/newblah/backend/cloud-storage/src/main/java/com/collabstack/storage/service/impl/FileStorageServiceImpl.java:[129,43] cannot find symbol
[ERROR]   symbol:   method getHost()
[ERROR]   location: variable node of type com.collabstack.storage.entity.StorageNode
[ERROR] /D:/newblah/backend/cloud-storage/src/main/java/com/collabstack/storage/service/impl/FileStorageServiceImpl.java:[129,59] cannot find symbol
[ERROR]   symbol:   method getPort()
[ERROR]   location: variable node of type com.collabstack.storage.entity.StorageNode
[ERROR] /D:/newblah/backend/cloud-storage/src/main/java/com/collabstack/storage/service/impl/FileStorageServiceImpl.java:[129,78] cannot find symbol
[ERROR]   symbol:   method getId()
[ERROR]   location: variable replica of type com.collabstack.storage.entity.FileChunk
[ERROR] /D:/newblah/backend/cloud-storage/src/main/java/com/collabstack/storage/service/impl/FileStorageServiceImpl.java:[132,17] cannot find symbol
[ERROR]   symbol:   variable log
[ERROR]   location: class com.collabstack.storage.service.impl.FileStorageServiceImpl
[ERROR] /D:/newblah/backend/cloud-storage/src/main/java/com/collabstack/storage/service/impl/FileStorageServiceImpl.java:[133,41] cannot find symbol
[ERROR]   symbol:   method getId()
[ERROR]   location: variable node of type com.collabstack.storage.entity.StorageNode
[ERROR] /D:/newblah/backend/cloud-storage/src/main/java/com/collabstack/storage/service/impl/FileStorageServiceImpl.java:[145,22] cannot find symbol
[ERROR]   symbol:   method getOwner()
[ERROR]   location: variable metadata of type com.collabstack.storage.entity.FileMetadata
[ERROR] /D:/newblah/backend/cloud-storage/src/main/java/com/collabstack/storage/service/impl/FileUploadServiceImpl.java:[83,45] cannot find symbol
[ERROR]   symbol:   method builder()
[ERROR]   location: class com.collabstack.storage.entity.FileMetadata
[ERROR] /D:/newblah/backend/cloud-storage/src/main/java/com/collabstack/storage/service/impl/FileUploadServiceImpl.java:[95,49] cannot find symbol
[ERROR]   symbol:   method builder()
[ERROR]   location: class com.collabstack.storage.entity.EncryptedKey
[ERROR] /D:/newblah/backend/cloud-storage/src/main/java/com/collabstack/storage/service/impl/FileUploadServiceImpl.java:[125,17] cannot find symbol
[ERROR]   symbol:   variable log
[ERROR]   location: class com.collabstack.storage.service.impl.FileUploadServiceImpl
[ERROR] /D:/newblah/backend/cloud-storage/src/main/java/com/collabstack/storage/service/impl/FileUploadServiceImpl.java:[137,55] cannot find symbol
[ERROR]   symbol:   method getId()
[ERROR]   location: variable node of type com.collabstack.storage.entity.StorageNode
[ERROR] /D:/newblah/backend/cloud-storage/src/main/java/com/collabstack/storage/service/impl/FileUploadServiceImpl.java:[137,69] cannot find symbol
[ERROR]   symbol:   method getHost()
[ERROR]   location: variable node of type com.collabstack.storage.entity.StorageNode
[ERROR] /D:/newblah/backend/cloud-storage/src/main/java/com/collabstack/storage/service/impl/FileUploadServiceImpl.java:[137,85] cannot find symbol
[ERROR]   symbol:   method getPort()
[ERROR]   location: variable node of type com.collabstack.storage.entity.StorageNode
[ERROR] /D:/newblah/backend/cloud-storage/src/main/java/com/collabstack/storage/service/impl/FileUploadServiceImpl.java:[139,48] cannot find symbol
[ERROR]   symbol:   method builder()
[ERROR]   location: class com.collabstack.storage.entity.FileChunk
[ERROR] /D:/newblah/backend/cloud-storage/src/main/java/com/collabstack/storage/service/impl/FileUploadServiceImpl.java:[142,41] cannot find symbol
[ERROR]   symbol:   method getId()
[ERROR]   location: variable node of type com.collabstack.storage.entity.StorageNode
[ERROR] /D:/newblah/backend/cloud-storage/src/main/java/com/collabstack/storage/service/impl/FileUploadServiceImpl.java:[148,21] cannot find symbol
[ERROR]   symbol:   variable log
[ERROR]   location: class com.collabstack.storage.service.impl.FileUploadServiceImpl
[ERROR] /D:/newblah/backend/cloud-storage/src/main/java/com/collabstack/storage/service/impl/FileUploadServiceImpl.java:[148,82] cannot find symbol
[ERROR]   symbol:   method getId()
[ERROR]   location: variable node of type com.collabstack.storage.entity.StorageNode
[ERROR] /D:/newblah/backend/cloud-storage/src/main/java/com/collabstack/storage/service/impl/FileUploadServiceImpl.java:[154,22] cannot find symbol
[ERROR]   symbol:   method setStatus(com.collabstack.storage.entity.FileStatus)
[ERROR]   location: variable savedMetadata of type com.collabstack.storage.entity.FileMetadata
[ERROR] /D:/newblah/backend/cloud-storage/src/main/java/com/collabstack/storage/service/impl/FileUploadServiceImpl.java:[157,9] cannot find symbol
[ERROR]   symbol:   variable log
[ERROR]   location: class com.collabstack.storage.service.impl.FileUploadServiceImpl
[ERROR] /D:/newblah/backend/cloud-storage/src/main/java/com/collabstack/storage/service/impl/FileUploadServiceImpl.java:[158,48] cannot find symbol
[ERROR]   symbol:   method getId()
[ERROR]   location: variable savedMetadata of type com.collabstack.storage.entity.FileMetadata
[ERROR] /D:/newblah/backend/cloud-storage/src/main/java/com/collabstack/storage/service/impl/StorageNodeServiceImpl.java:[28,52] cannot find symbol
[ERROR]   symbol:   method getId()
[ERROR]   location: variable n of type com.collabstack.storage.entity.StorageNode
[ERROR] /D:/newblah/backend/cloud-storage/src/main/java/com/collabstack/storage/service/impl/StorageNodeServiceImpl.java:[28,63] cannot find symbol
[ERROR]   symbol:   method getHost()
[ERROR]   location: variable n of type com.collabstack.storage.entity.StorageNode
[ERROR] /D:/newblah/backend/cloud-storage/src/main/java/com/collabstack/storage/service/impl/StorageNodeServiceImpl.java:[28,76] cannot find symbol
[ERROR]   symbol:   method getPort()
[ERROR]   location: variable n of type com.collabstack.storage.entity.StorageNode
[ERROR] /D:/newblah/backend/cloud-storage/src/main/java/com/collabstack/storage/service/impl/StorageNodeServiceImpl.java:[28,89] cannot find symbol
[ERROR]   symbol:   method getStatus()
[ERROR]   location: variable n of type com.collabstack.storage.entity.StorageNode
[ERROR] /D:/newblah/backend/cloud-storage/src/main/java/com/collabstack/storage/service/impl/StorageNodeServiceImpl.java:[35,39] cannot find symbol
[ERROR]   symbol:   method builder()
[ERROR]   location: class com.collabstack.storage.entity.StorageNode
[ERROR] /D:/newblah/backend/cloud-storage/src/main/java/com/collabstack/storage/service/impl/StorageNodeServiceImpl.java:[43,9] cannot find symbol
[ERROR]   symbol:   variable log
[ERROR]   location: class com.collabstack.storage.service.impl.StorageNodeServiceImpl
[ERROR] /D:/newblah/backend/cloud-storage/src/main/java/com/collabstack/storage/service/impl/StorageNodeServiceImpl.java:[43,54] cannot find symbol
[ERROR]   symbol:   method getId()
[ERROR]   location: variable saved of type com.collabstack.storage.entity.StorageNode
[ERROR] /D:/newblah/backend/cloud-storage/src/main/java/com/collabstack/storage/service/impl/StorageNodeServiceImpl.java:[44,45] cannot find symbol
[ERROR]   symbol:   method getId()
[ERROR]   location: variable saved of type com.collabstack.storage.entity.StorageNode
[ERROR] /D:/newblah/backend/cloud-storage/src/main/java/com/collabstack/storage/service/impl/StorageNodeServiceImpl.java:[44,60] cannot find symbol
[ERROR]   symbol:   method getHost()
[ERROR]   location: variable saved of type com.collabstack.storage.entity.StorageNode
[ERROR] /D:/newblah/backend/cloud-storage/src/main/java/com/collabstack/storage/service/impl/StorageNodeServiceImpl.java:[44,77] cannot find symbol
[ERROR]   symbol:   method getPort()
[ERROR]   location: variable saved of type com.collabstack.storage.entity.StorageNode
[ERROR] /D:/newblah/backend/cloud-storage/src/main/java/com/collabstack/storage/service/impl/StorageNodeServiceImpl.java:[44,94] cannot find symbol
[ERROR]   symbol:   method getStatus()
[ERROR]   location: variable saved of type com.collabstack.storage.entity.StorageNode
[ERROR] -> [Help 1]
[ERROR] 
[ERROR] To see the full stack trace of the errors, re-run Maven with the -e switch.
[ERROR] Re-run Maven using the -X switch to enable full debug logging.
[ERROR] 
[ERROR] For more information about the errors and possible solutions, please read the following articles:
[ERROR] [Help 1] http://cwiki.apache.org/confluence/display/MAVEN/MojoFailureException
[ERROR] 
[ERROR] After correcting the problems, you can resume the build with the command
[ERROR]   mvn <args> -rf :cloud-storage
